* using log directory ‘/Users/chaoranhu/Desktop/rpkg/coga/coga.Rcheck’
* using R version 4.3.0 (2023-04-21)
* using platform: aarch64-apple-darwin20 (64-bit)
* R was compiled by
    Apple clang version 14.0.0 (clang-1400.0.29.202)
    GNU Fortran (GCC) 12.2.0
* running under: macOS Ventura 13.5
* using session charset: UTF-8
* using option ‘--as-cran’
* checking for file ‘coga/DESCRIPTION’ ... OK
* this is package ‘coga’ version ‘1.2.0’
* package encoding: UTF-8
* checking CRAN incoming feasibility ... [3s/12s] Note_to_CRAN_maintainers
Maintainer: ‘Chaoran Hu <chaoran.hu@uconn.edu>’
* checking package namespace information ... OK
* checking package dependencies ... OK
* checking if this is a source package ... OK
* checking if there is a namespace ... OK
* checking for executable files ... OK
* checking for hidden files and directories ... OK
* checking for portable file names ... OK
* checking for sufficient/correct file permissions ... OK
* checking serialization versions ... OK
* checking whether package ‘coga’ can be installed ... OK
* used C compiler: ‘Apple clang version 14.0.3 (clang-1403.0.22.14.1)’
* used C++ compiler: ‘Apple clang version 14.0.3 (clang-1403.0.22.14.1)’
* used SDK: ‘’
* checking installed package size ... OK
* checking package directory ... OK
* checking for future file timestamps ... OK
* checking ‘build’ directory ... OK
* checking DESCRIPTION meta-information ... OK
* checking top-level files ... OK
* checking for left-over files ... OK
* checking index information ... OK
* checking package subdirectories ... OK
* checking R files for non-ASCII characters ... OK
* checking R files for syntax errors ... OK
* checking whether the package can be loaded ... OK
* checking whether the package can be loaded with stated dependencies ... OK
* checking whether the package can be unloaded cleanly ... OK
* checking whether the namespace can be loaded with stated dependencies ... OK
* checking whether the namespace can be unloaded cleanly ... OK
* checking use of S3 registration ... OK
* checking dependencies in R code ... OK
* checking S3 generic/method consistency ... OK
* checking replacement functions ... OK
* checking foreign function calls ... OK
* checking R code for possible problems ... OK
* checking Rd files ... OK
* checking Rd metadata ... OK
* checking Rd line widths ... OK
* checking Rd cross-references ... OK
* checking for missing documentation entries ... OK
* checking for code/documentation mismatches ... OK
* checking Rd \usage sections ... OK
* checking Rd contents ... OK
* checking for unstated dependencies in examples ... OK
* checking line endings in shell scripts ... OK
* checking line endings in C/C++/Fortran sources/headers ... OK
* checking line endings in Makefiles ... OK
* checking compilation flags in Makevars ... OK
* checking for GNU extensions in Makefiles ... OK
* checking for portable use of $(BLAS_LIBS) and $(LAPACK_LIBS) ... OK
* checking use of PKG_*FLAGS in Makefiles ... OK
* checking use of SHLIB_OPENMP_*FLAGS in Makefiles ... OK
* checking pragmas in C/C++ headers and code ... OK
* checking compilation flags used ... OK
* checking compiled code ... OK
* checking sizes of PDF files under ‘inst/doc’ ... OK
* checking installed files from ‘inst/doc’ ... OK
* checking files in ‘vignettes’ ... OK
* checking examples ... OK
* checking for unstated dependencies in ‘tests’ ... OK
* checking tests ... OK
  Running ‘testthat.R’
* checking for unstated dependencies in vignettes ... OK
* checking package vignettes in ‘inst/doc’ ... OK
* checking re-building of vignette outputs ... OK
* checking PDF version of manual ... OK
* checking HTML version of manual ... NOTE
Found the following HTML validation problems:
coga.html:4:1 (coga.Rd:7): Warning: <link> inserting "type" attribute
coga.html:12:1 (coga.Rd:7): Warning: <script> proprietary attribute "onload"
coga.html:12:1 (coga.Rd:7): Warning: <script> inserting "type" attribute
coga.html:17:1 (coga.Rd:7): Warning: <table> lacks "summary" attribute
dcoga.html:4:1 (dcoga.Rd:7): Warning: <link> inserting "type" attribute
dcoga.html:12:1 (dcoga.Rd:7): Warning: <script> proprietary attribute "onload"
dcoga.html:12:1 (dcoga.Rd:7): Warning: <script> inserting "type" attribute
dcoga.html:17:1 (dcoga.Rd:7): Warning: <table> lacks "summary" attribute
dcoga.html:46:1 (dcoga.Rd:16): Warning: <table> lacks "summary" attribute
dcoga2dim.html:4:1 (dcoga2dim.Rd:6): Warning: <link> inserting "type" attribute
dcoga2dim.html:12:1 (dcoga2dim.Rd:6): Warning: <script> proprietary attribute "onload"
dcoga2dim.html:12:1 (dcoga2dim.Rd:6): Warning: <script> inserting "type" attribute
dcoga2dim.html:17:1 (dcoga2dim.Rd:6): Warning: <table> lacks "summary" attribute
dcoga2dim.html:41:1 (dcoga2dim.Rd:13): Warning: <table> lacks "summary" attribute
dcoga_approx.html:4:1 (dcoga_approx.Rd:6): Warning: <link> inserting "type" attribute
dcoga_approx.html:12:1 (dcoga_approx.Rd:6): Warning: <script> proprietary attribute "onload"
dcoga_approx.html:12:1 (dcoga_approx.Rd:6): Warning: <script> inserting "type" attribute
dcoga_approx.html:17:1 (dcoga_approx.Rd:6): Warning: <table> lacks "summary" attribute
dcoga_approx.html:41:1 (dcoga_approx.Rd:13): Warning: <table> lacks "summary" attribute
pcoga2dim_diff_shape.html:4:1 (pcoga2dim_diff_shape.Rd:5): Warning: <link> inserting "type" attribute
pcoga2dim_diff_shape.html:12:1 (pcoga2dim_diff_shape.Rd:5): Warning: <script> proprietary attribute "onload"
pcoga2dim_diff_shape.html:12:1 (pcoga2dim_diff_shape.Rd:5): Warning: <script> inserting "type" attribute
pcoga2dim_diff_shape.html:17:1 (pcoga2dim_diff_shape.Rd:5): Warning: <table> lacks "summary" attribute
pcoga2dim_diff_shape.html:39:1 (pcoga2dim_diff_shape.Rd:10): Warning: <table> lacks "summary" attribute
Skipping checking math rendering: package 'V8' unavailable
* checking for non-standard things in the check directory ... OK
* checking for detritus in the temp directory ... OK
* DONE
Status: 1 NOTE
