* installing *source* package ‘coga’ ...
checking for gsl-config... /usr/local/bin/gsl-config
configure: creating ./config.status
config.status: creating src/Makevars
** libs
clang++ -I/Library/Frameworks/R.framework/Resources/include -DNDEBUG -I/usr/local/Cellar/gsl/2.3/include -I"/Library/Frameworks/R.framework/Versions/3.4/Resources/library/Rcpp/include" -I"/Library/Frameworks/R.framework/Versions/3.4/Resources/library/RcppGSL/include" -I/usr/local/include   -fPIC  -Wall -g -O2  -c RcppExports.cpp -o RcppExports.o
clang++ -I/Library/Frameworks/R.framework/Resources/include -DNDEBUG -I/usr/local/Cellar/gsl/2.3/include -I"/Library/Frameworks/R.framework/Versions/3.4/Resources/library/Rcpp/include" -I"/Library/Frameworks/R.framework/Versions/3.4/Resources/library/RcppGSL/include" -I/usr/local/include   -fPIC  -Wall -g -O2  -c coga2dim.cpp -o coga2dim.o
clang++ -I/Library/Frameworks/R.framework/Resources/include -DNDEBUG -I/usr/local/Cellar/gsl/2.3/include -I"/Library/Frameworks/R.framework/Versions/3.4/Resources/library/Rcpp/include" -I"/Library/Frameworks/R.framework/Versions/3.4/Resources/library/RcppGSL/include" -I/usr/local/include   -fPIC  -Wall -g -O2  -c dpcoga.cpp -o dpcoga.o
clang -I/Library/Frameworks/R.framework/Resources/include -DNDEBUG -I/usr/local/Cellar/gsl/2.3/include -I"/Library/Frameworks/R.framework/Versions/3.4/Resources/library/Rcpp/include" -I"/Library/Frameworks/R.framework/Versions/3.4/Resources/library/RcppGSL/include" -I/usr/local/include   -fPIC  -Wall -g -O2  -c registerDynamicSymbol.c -o registerDynamicSymbol.o
clang++ -dynamiclib -Wl,-headerpad_max_install_names -undefined dynamic_lookup -single_module -multiply_defined suppress -L/Library/Frameworks/R.framework/Resources/lib -L/usr/local/lib -o coga.so RcppExports.o coga2dim.o dpcoga.o registerDynamicSymbol.o -L/usr/local/Cellar/gsl/2.3/lib -lgsl -lgslcblas -F/Library/Frameworks/R.framework/.. -framework R -Wl,-framework -Wl,CoreFoundation
installing to /Users/ChaoranHu/Desktop/rpkg/coga/coga.Rcheck/coga/libs
** R
** inst
** preparing package for lazy loading
** help
*** installing help indices
** building package indices
** installing vignettes
** testing if installed package can be loaded
* DONE (coga)
